2015-12-07 11:44:38,887 - boiler_monitor - CRITICAL - Starting
2015-12-07 11:44:53,529 - boiler_monitor - INFO - restarted openntpd
2015-12-07 11:46:45,156 - boiler_monitor - WARNING - factory reset
2015-12-07 11:46:47,650 - boiler_monitor - DEBUG - /etc/hostapd/hostapd.conf and /etc/hostapd/hostapd.conf-TP match
2015-12-07 11:46:47,701 - boiler_monitor - DEBUG - /usr/sbin/hostapd and /usr/sbin/hostapd-TP match
2015-12-07 11:46:47,746 - boiler_monitor - DEBUG - /etc/wpa_supplicant/functions.sh and /etc/wpa_supplicant/functions.sh-TP match
2015-12-07 11:46:47,749 - boiler_monitor - INFO - removing boiler and restoring orig /etc/network/interfaces and /etc/wpa_supplicant/wpa_supplicant.conf
2015-12-07 11:46:49,401 - boiler_monitor - INFO - starting boiler_net_start
2015-12-07 11:47:10,778 - boiler_monitor - DEBUG - boiler_net_start rc: 0
2015-12-07 11:47:30,702 - boiler_monitor - WARNING - button read failure: unpack requires a string argument of length 16
2015-12-07 11:49:35,592 - boiler_monitor - CRITICAL - Starting
2015-12-07 11:49:48,381 - boiler_monitor - INFO - starting boiler_net_start
2015-12-07 11:50:17,458 - boiler_monitor - DEBUG - boiler_net_start rc: 0
2015-12-07 11:51:16,958 - boiler_monitor - CRITICAL - Starting
2015-12-07 11:59:13,959 - boiler_monitor - CRITICAL - Starting
2015-12-07 11:59:27,686 - boiler_monitor - INFO - restarted openntpd
2015-12-07 12:00:53,848 - boiler_monitor - CRITICAL - Starting
2015-12-07 12:12:00,630 - boiler_monitor - CRITICAL - Starting
2015-12-07 12:12:15,435 - boiler_monitor - INFO - restarted openntpd
2015-12-07 12:14:43,209 - boiler_monitor - WARNING - factory reset
2015-12-07 12:14:44,944 - boiler_monitor - DEBUG - /etc/hostapd/hostapd.conf and /etc/hostapd/hostapd.conf-TP match
2015-12-07 12:14:44,989 - boiler_monitor - DEBUG - /usr/sbin/hostapd and /usr/sbin/hostapd-TP match
2015-12-07 12:14:45,033 - boiler_monitor - DEBUG - /etc/wpa_supplicant/functions.sh and /etc/wpa_supplicant/functions.sh-TP match
2015-12-07 12:14:45,037 - boiler_monitor - INFO - removing boiler and restoring orig /etc/network/interfaces and /etc/wpa_supplicant/wpa_supplicant.conf
2015-12-07 12:14:46,543 - boiler_monitor - INFO - starting boiler_net_start
2015-12-07 12:15:04,849 - boiler_monitor - DEBUG - boiler_net_start rc: 0
2015-12-07 12:16:03,653 - boiler_monitor - CRITICAL - Starting
2015-12-07 12:16:16,277 - boiler_monitor - INFO - starting boiler_net_start
2015-12-07 12:16:48,069 - boiler_monitor - DEBUG - boiler_net_start rc: 0
2015-12-07 12:17:48,700 - boiler_monitor - CRITICAL - Starting
2015-12-07 12:18:02,298 - boiler_monitor - INFO - starting boiler_net_start
2015-12-07 12:18:31,636 - boiler_monitor - DEBUG - boiler_net_start rc: 0
2015-12-07 12:23:00,753 - boiler_monitor - CRITICAL - Starting
2015-12-07 12:25:09,009 - boiler_monitor - CRITICAL - Starting
2015-12-07 12:33:54,124 - boiler_monitor - CRITICAL - Starting
2015-12-07 12:33:58,969 - boiler_monitor - INFO - found_boiler: 0 found_net_conf: 0
2015-12-07 12:34:04,803 - boiler_monitor - INFO - found_boiler: 0 found_net_conf: 0
2015-12-07 12:34:04,808 - boiler_monitor - INFO - starting boiler_net_start
2015-12-07 12:34:22,499 - boiler_monitor - DEBUG - boiler_net_start rc: 0
2015-12-07 12:35:19,176 - boiler_monitor - CRITICAL - Starting
2015-12-07 12:35:23,914 - boiler_monitor - INFO - found_boiler: 2740 found_net_conf: 0
2015-12-07 12:35:34,129 - boiler_monitor - INFO - found_boiler: 2740 found_net_conf: 0
2015-12-07 12:35:43,731 - boiler_monitor - INFO - found_boiler: 2740 found_net_conf: 0
2015-12-07 12:35:53,422 - boiler_monitor - INFO - found_boiler: 2740 found_net_conf: 0
2015-12-07 12:36:02,564 - boiler_monitor - INFO - found_boiler: 2740 found_net_conf: 0
2015-12-07 12:36:12,249 - boiler_monitor - INFO - found_boiler: 2740 found_net_conf: 0
2015-12-07 12:36:22,097 - boiler_monitor - INFO - found_boiler: 2740 found_net_conf: 0
2015-12-07 12:36:31,095 - boiler_monitor - INFO - found_boiler: 2740 found_net_conf: 0
2015-12-07 12:36:40,919 - boiler_monitor - INFO - found_boiler: 2740 found_net_conf: 0
2015-12-07 12:36:49,800 - boiler_monitor - INFO - found_boiler: 0 found_net_conf: 0
2015-12-07 12:36:55,536 - boiler_monitor - INFO - found_boiler: 0 found_net_conf: 0
2015-12-07 12:36:55,540 - boiler_monitor - INFO - starting boiler_net_start
2015-12-07 12:37:13,633 - boiler_monitor - DEBUG - boiler_net_start rc: 0
2015-12-07 12:37:23,015 - boiler_monitor - INFO - restarted openntpd
2015-12-07 12:37:24,248 - boiler_monitor - INFO - found_boiler: 0 found_net_conf: 0
2015-12-07 12:37:29,253 - boiler_monitor - WARNING - button read failure: unpack requires a string argument of length 16
2015-12-07 12:37:30,286 - boiler_monitor - INFO - found_boiler: 0 found_net_conf: 0
2015-12-07 12:38:10,905 - boiler_monitor - CRITICAL - Starting
2015-12-07 12:38:17,230 - boiler_monitor - INFO - found_boiler: 2751 found_net_conf: 0
2015-12-07 12:38:26,129 - boiler_monitor - INFO - found_boiler: 2751 found_net_conf: 0
2015-12-07 12:38:34,982 - boiler_monitor - INFO - found_boiler: 2751 found_net_conf: 0
2015-12-07 12:38:43,808 - boiler_monitor - INFO - found_boiler: 2751 found_net_conf: 0
2015-12-07 12:38:52,672 - boiler_monitor - INFO - found_boiler: 2751 found_net_conf: 0
2015-12-07 12:39:01,541 - boiler_monitor - INFO - found_boiler: 2751 found_net_conf: 0
2015-12-07 12:39:10,327 - boiler_monitor - INFO - found_boiler: 2751 found_net_conf: 0
2015-12-07 12:39:19,477 - boiler_monitor - INFO - found_boiler: 2751 found_net_conf: 0
2015-12-07 12:39:28,268 - boiler_monitor - INFO - found_boiler: 2751 found_net_conf: 0
2015-12-07 12:39:37,063 - boiler_monitor - INFO - found_boiler: 2751 found_net_conf: 0
2015-12-07 12:39:45,880 - boiler_monitor - INFO - found_boiler: 2751 found_net_conf: 0
2015-12-07 12:39:54,890 - boiler_monitor - INFO - found_boiler: 2751 found_net_conf: 0
2015-12-07 12:40:03,735 - boiler_monitor - INFO - found_boiler: 2751 found_net_conf: 0
2015-12-07 12:40:12,533 - boiler_monitor - INFO - found_boiler: 2751 found_net_conf: 0
2015-12-07 12:40:21,411 - boiler_monitor - INFO - found_boiler: 2751 found_net_conf: 0
2015-12-07 12:40:30,508 - boiler_monitor - INFO - found_boiler: 2751 found_net_conf: 0
2015-12-07 12:52:49,366 - boiler_monitor - CRITICAL - Starting
2015-12-07 12:52:54,203 - boiler_monitor - INFO - found_boiler: 0 found_net_conf: 0
2015-12-07 12:53:00,144 - boiler_monitor - INFO - found_boiler: 0 found_net_conf: 0
2015-12-07 12:53:00,147 - boiler_monitor - INFO - starting boiler_net_start
2015-12-07 12:54:17,678 - boiler_monitor - CRITICAL - Starting
2015-12-07 12:54:24,104 - boiler_monitor - INFO - found_boiler: 0 found_net_conf: 0
2015-12-07 12:54:29,843 - boiler_monitor - INFO - found_boiler: 0 found_net_conf: 0
2015-12-07 12:54:29,846 - boiler_monitor - INFO - starting boiler_net_start
2015-12-07 12:55:42,545 - boiler_monitor - CRITICAL - Starting
2015-12-07 12:55:48,130 - boiler_monitor - INFO - found_boiler: 0 found_net_conf: 0
2015-12-07 12:55:54,001 - boiler_monitor - INFO - found_boiler: 0 found_net_conf: 0
2015-12-07 12:55:54,004 - boiler_monitor - INFO - starting boiler_net_start
2015-12-07 12:56:12,396 - boiler_monitor - DEBUG - boiler_net_start rc: 0
2015-12-07 12:56:21,215 - boiler_monitor - INFO - restarted openntpd
2015-12-07 12:56:22,432 - boiler_monitor - INFO - found_boiler: 0 found_net_conf: 0
2015-12-07 12:56:27,439 - boiler_monitor - WARNING - button read failure: unpack requires a string argument of length 16
2015-12-07 12:56:28,473 - boiler_monitor - INFO - found_boiler: 0 found_net_conf: 0
2015-12-07 12:57:05,887 - boiler_monitor - CRITICAL - Starting
2015-12-07 12:57:10,614 - boiler_monitor - INFO - found_boiler: 0 found_net_conf: 0
2015-12-07 12:57:17,444 - boiler_monitor - INFO - found_boiler: 0 found_net_conf: 0
2015-12-07 12:57:17,452 - boiler_monitor - INFO - starting boiler_net_start
2015-12-07 12:57:17,775 - boiler_monitor - DEBUG - boiler_net_start rc: 2
2015-12-07 12:57:23,562 - boiler_monitor - INFO - found_boiler: 0 found_net_conf: 0
2015-12-07 12:57:29,282 - boiler_monitor - INFO - found_boiler: 0 found_net_conf: 0
2015-12-07 12:57:35,113 - boiler_monitor - INFO - found_boiler: 0 found_net_conf: 0
2015-12-07 12:57:40,849 - boiler_monitor - INFO - found_boiler: 0 found_net_conf: 0
2015-12-07 12:57:46,579 - boiler_monitor - INFO - found_boiler: 0 found_net_conf: 0
2015-12-07 12:57:52,313 - boiler_monitor - INFO - found_boiler: 0 found_net_conf: 0
2015-12-07 12:57:58,025 - boiler_monitor - INFO - found_boiler: 0 found_net_conf: 0
2015-12-07 12:58:03,765 - boiler_monitor - INFO - found_boiler: 0 found_net_conf: 0
2015-12-07 12:58:09,571 - boiler_monitor - INFO - found_boiler: 0 found_net_conf: 0
2015-12-07 12:58:15,300 - boiler_monitor - INFO - found_boiler: 0 found_net_conf: 0
2015-12-07 12:58:21,042 - boiler_monitor - INFO - found_boiler: 0 found_net_conf: 0
2015-12-07 12:58:21,045 - boiler_monitor - INFO - starting boiler_net_start
2015-12-07 12:58:21,352 - boiler_monitor - DEBUG - boiler_net_start rc: 2
2015-12-07 12:58:27,078 - boiler_monitor - INFO - found_boiler: 0 found_net_conf: 0
2015-12-07 12:58:32,809 - boiler_monitor - INFO - found_boiler: 0 found_net_conf: 0
2015-12-07 12:58:38,607 - boiler_monitor - INFO - found_boiler: 0 found_net_conf: 0
2015-12-07 12:58:44,324 - boiler_monitor - INFO - found_boiler: 0 found_net_conf: 0
2015-12-07 12:58:50,060 - boiler_monitor - INFO - found_boiler: 0 found_net_conf: 0
2015-12-07 12:58:56,641 - boiler_monitor - INFO - found_boiler: 0 found_net_conf: 0
2015-12-07 12:59:02,614 - boiler_monitor - INFO - found_boiler: 0 found_net_conf: 0
2015-12-07 12:59:08,507 - boiler_monitor - INFO - found_boiler: 0 found_net_conf: 0
2015-12-07 12:59:14,395 - boiler_monitor - INFO - found_boiler: 0 found_net_conf: 0
2015-12-07 12:59:20,138 - boiler_monitor - INFO - found_boiler: 0 found_net_conf: 0
2015-12-07 13:02:43,348 - boiler_monitor - CRITICAL - Starting
2015-12-07 13:02:48,191 - boiler_monitor - INFO - found_boiler: 0 found_net_conf: 0
2015-12-07 13:02:54,007 - boiler_monitor - INFO - found_boiler: 0 found_net_conf: 0
2015-12-07 13:02:54,010 - boiler_monitor - INFO - starting boiler_net_start
2015-12-07 13:02:54,308 - boiler_monitor - DEBUG - boiler_net_start rc: 2
2015-12-07 13:03:00,126 - boiler_monitor - INFO - found_boiler: 0 found_net_conf: 0
2015-12-07 13:03:05,977 - boiler_monitor - INFO - found_boiler: 0 found_net_conf: 0
2015-12-07 13:03:11,813 - boiler_monitor - INFO - found_boiler: 0 found_net_conf: 0
2015-12-07 13:03:17,744 - boiler_monitor - INFO - found_boiler: 0 found_net_conf: 0
2015-12-07 13:03:24,526 - boiler_monitor - INFO - found_boiler: 0 found_net_conf: 0
2015-12-07 13:03:30,576 - boiler_monitor - INFO - found_boiler: 0 found_net_conf: 0
2015-12-07 13:03:36,441 - boiler_monitor - INFO - found_boiler: 0 found_net_conf: 0
2015-12-07 13:03:42,519 - boiler_monitor - INFO - found_boiler: 0 found_net_conf: 0
2015-12-07 13:03:48,652 - boiler_monitor - INFO - found_boiler: 0 found_net_conf: 0
2015-12-07 13:03:55,015 - boiler_monitor - INFO - found_boiler: 0 found_net_conf: 0
2015-12-07 13:04:00,860 - boiler_monitor - INFO - found_boiler: 0 found_net_conf: 0
2015-12-07 13:04:00,864 - boiler_monitor - INFO - starting boiler_net_start
2015-12-07 13:04:01,224 - boiler_monitor - DEBUG - boiler_net_start rc: 2
2015-12-07 13:04:07,030 - boiler_monitor - INFO - found_boiler: 0 found_net_conf: 0
2015-12-07 13:04:12,832 - boiler_monitor - INFO - found_boiler: 0 found_net_conf: 0
2015-12-07 13:04:21,308 - boiler_monitor - INFO - found_boiler: 0 found_net_conf: 0
2015-12-07 13:04:27,211 - boiler_monitor - INFO - found_boiler: 0 found_net_conf: 0
2015-12-07 13:04:33,036 - boiler_monitor - INFO - found_boiler: 0 found_net_conf: 0
2015-12-07 13:04:39,157 - boiler_monitor - INFO - found_boiler: 0 found_net_conf: 0
2015-12-07 13:04:44,974 - boiler_monitor - INFO - found_boiler: 0 found_net_conf: 0
2015-12-07 13:04:50,833 - boiler_monitor - INFO - found_boiler: 0 found_net_conf: 0
2015-12-07 13:07:21,734 - boiler_monitor - INFO - restarted openntpd
2015-12-07 13:07:22,613 - boiler_monitor - INFO - found_boiler: 0 found_net_conf: 0
2015-12-07 13:07:27,623 - boiler_monitor - WARNING - button read failure: unpack requires a string argument of length 16
2015-12-07 13:07:28,183 - boiler_monitor - INFO - found_boiler: 0 found_net_conf: 0
2015-12-07 13:08:13,364 - boiler_monitor - CRITICAL - Starting
2015-12-07 13:08:18,224 - boiler_monitor - INFO - found_boiler: 0 found_net_conf: 2238
2015-12-07 13:08:24,007 - boiler_monitor - INFO - found_boiler: 0 found_net_conf: 2238
2015-12-07 13:08:29,747 - boiler_monitor - INFO - found_boiler: 0 found_net_conf: 2238
2015-12-07 13:08:35,575 - boiler_monitor - INFO - found_boiler: 0 found_net_conf: 2238
2015-12-07 13:08:41,338 - boiler_monitor - INFO - found_boiler: 0 found_net_conf: 2238
2015-12-07 13:08:47,113 - boiler_monitor - INFO - found_boiler: 0 found_net_conf: 2238
2015-12-07 13:08:52,900 - boiler_monitor - INFO - found_boiler: 0 found_net_conf: 2238
2015-12-07 13:08:58,820 - boiler_monitor - INFO - found_boiler: 0 found_net_conf: 2238
2015-12-07 13:09:04,646 - boiler_monitor - INFO - found_boiler: 0 found_net_conf: 2238
2015-12-07 13:09:10,559 - boiler_monitor - INFO - found_boiler: 0 found_net_conf: 2238
2015-12-07 13:09:16,309 - boiler_monitor - INFO - found_boiler: 0 found_net_conf: 2238
2015-12-07 13:09:22,108 - boiler_monitor - INFO - found_boiler: 0 found_net_conf: 2238
2015-12-07 13:09:27,928 - boiler_monitor - INFO - found_boiler: 0 found_net_conf: 2238
2015-12-07 13:09:34,187 - boiler_monitor - INFO - found_boiler: 0 found_net_conf: 2238
2015-12-07 13:09:39,942 - boiler_monitor - INFO - found_boiler: 0 found_net_conf: 2238
2015-12-07 13:09:45,712 - boiler_monitor - INFO - found_boiler: 0 found_net_conf: 2238
2015-12-07 13:09:52,342 - boiler_monitor - INFO - found_boiler: 0 found_net_conf: 2238
2015-12-07 13:09:58,762 - boiler_monitor - INFO - found_boiler: 0 found_net_conf: 2238
2015-12-07 13:10:05,554 - boiler_monitor - INFO - found_boiler: 0 found_net_conf: 2238
2015-12-07 13:10:11,363 - boiler_monitor - INFO - found_boiler: 0 found_net_conf: 2238
2015-12-07 13:10:17,114 - boiler_monitor - INFO - found_boiler: 0 found_net_conf: 2238
2015-12-07 13:10:23,981 - boiler_monitor - INFO - found_boiler: 0 found_net_conf: 2238
2015-12-07 13:12:06,417 - boiler_monitor - CRITICAL - Starting
2015-12-07 13:22:12,404 - boiler_monitor - CRITICAL - Starting
2015-12-07 13:23:51,603 - boiler_monitor - CRITICAL - Starting
2015-12-07 13:23:56,411 - boiler_monitor - INFO - found_boiler: 2924 found_net_conf: 0
2015-12-07 13:24:05,288 - boiler_monitor - INFO - restarted openntpd
2015-12-07 13:24:05,772 - boiler_monitor - INFO - found_boiler: 2924 found_net_conf: 0
2015-12-07 13:24:14,297 - boiler_monitor - INFO - found_boiler: 2924 found_net_conf: 0
2015-12-07 13:24:22,835 - boiler_monitor - INFO - found_boiler: 2924 found_net_conf: 0
2015-12-07 13:24:31,394 - boiler_monitor - INFO - found_boiler: 2924 found_net_conf: 0
2015-12-07 13:24:39,910 - boiler_monitor - INFO - found_boiler: 2924 found_net_conf: 0
2015-12-07 13:24:48,484 - boiler_monitor - INFO - found_boiler: 2924 found_net_conf: 0
2015-12-07 13:24:57,051 - boiler_monitor - INFO - found_boiler: 2924 found_net_conf: 0
2015-12-07 13:25:05,574 - boiler_monitor - INFO - found_boiler: 2924 found_net_conf: 0
2015-12-07 13:25:14,140 - boiler_monitor - INFO - found_boiler: 2924 found_net_conf: 0
2015-12-07 13:25:22,903 - boiler_monitor - INFO - found_boiler: 2924 found_net_conf: 0
2015-12-07 13:25:31,478 - boiler_monitor - INFO - found_boiler: 2924 found_net_conf: 0
2015-12-07 13:25:40,036 - boiler_monitor - INFO - found_boiler: 2924 found_net_conf: 0
2015-12-07 13:25:48,944 - boiler_monitor - INFO - found_boiler: 2924 found_net_conf: 0
2015-12-07 13:25:57,479 - boiler_monitor - INFO - found_boiler: 2924 found_net_conf: 0
2015-12-07 13:26:05,976 - boiler_monitor - INFO - found_boiler: 2924 found_net_conf: 0
2015-12-07 13:26:14,523 - boiler_monitor - INFO - found_boiler: 2924 found_net_conf: 0
2015-12-07 13:26:23,047 - boiler_monitor - INFO - found_boiler: 2924 found_net_conf: 0
2015-12-07 13:26:31,593 - boiler_monitor - INFO - found_boiler: 2924 found_net_conf: 0
2015-12-07 13:26:40,100 - boiler_monitor - INFO - found_boiler: 2924 found_net_conf: 0
2015-12-07 13:26:48,728 - boiler_monitor - INFO - found_boiler: 2924 found_net_conf: 0
2015-12-07 13:26:57,271 - boiler_monitor - INFO - found_boiler: 2924 found_net_conf: 0
2015-12-07 13:27:05,812 - boiler_monitor - INFO - found_boiler: 2924 found_net_conf: 0
2015-12-07 13:27:14,427 - boiler_monitor - INFO - found_boiler: 2924 found_net_conf: 0
2015-12-07 13:27:22,922 - boiler_monitor - INFO - found_boiler: 2924 found_net_conf: 0
2015-12-07 13:27:31,462 - boiler_monitor - INFO - found_boiler: 2924 found_net_conf: 0
2015-12-07 13:27:39,978 - boiler_monitor - INFO - found_boiler: 2924 found_net_conf: 0
2015-12-07 13:27:48,507 - boiler_monitor - INFO - found_boiler: 2924 found_net_conf: 0
2015-12-07 13:27:57,011 - boiler_monitor - INFO - found_boiler: 2924 found_net_conf: 0
2015-12-07 13:28:05,561 - boiler_monitor - INFO - found_boiler: 2924 found_net_conf: 0
2015-12-07 13:28:14,076 - boiler_monitor - INFO - found_boiler: 2924 found_net_conf: 0
2015-12-07 13:28:22,602 - boiler_monitor - INFO - found_boiler: 2924 found_net_conf: 0
2015-12-07 13:28:31,111 - boiler_monitor - INFO - found_boiler: 2924 found_net_conf: 0
2015-12-07 13:28:39,898 - boiler_monitor - INFO - found_boiler: 2924 found_net_conf: 0
2015-12-07 13:28:48,402 - boiler_monitor - INFO - found_boiler: 2924 found_net_conf: 0
2015-12-07 13:28:56,909 - boiler_monitor - INFO - found_boiler: 2924 found_net_conf: 0
2015-12-07 13:29:05,467 - boiler_monitor - INFO - found_boiler: 2924 found_net_conf: 0
2015-12-07 13:29:13,968 - boiler_monitor - INFO - found_boiler: 2924 found_net_conf: 0
2015-12-07 13:29:22,480 - boiler_monitor - INFO - found_boiler: 2924 found_net_conf: 0
2015-12-07 13:29:31,790 - boiler_monitor - INFO - found_boiler: 2924 found_net_conf: 0
2015-12-07 13:29:41,151 - boiler_monitor - INFO - found_boiler: 2924 found_net_conf: 0
2015-12-07 13:29:49,284 - boiler_monitor - WARNING - factory reset
2015-12-07 13:29:50,997 - boiler_monitor - DEBUG - /etc/hostapd/hostapd.conf and /etc/hostapd/hostapd.conf-TP match
2015-12-07 13:29:51,041 - boiler_monitor - DEBUG - /usr/sbin/hostapd and /usr/sbin/hostapd-TP match
2015-12-07 13:29:51,085 - boiler_monitor - DEBUG - /etc/wpa_supplicant/functions.sh and /etc/wpa_supplicant/functions.sh-TP match
2015-12-07 13:29:51,089 - boiler_monitor - INFO - removing boiler and restoring orig /etc/network/interfaces and /etc/wpa_supplicant/wpa_supplicant.conf
2015-12-07 13:29:52,529 - boiler_monitor - INFO - starting boiler_net_start
2015-12-07 13:30:11,720 - boiler_monitor - DEBUG - boiler_net_start rc: 0
2015-12-07 13:30:22,818 - boiler_monitor - INFO - found_boiler: 2924 found_net_conf: 0
2015-12-07 13:30:30,966 - boiler_monitor - WARNING - button read failure: unpack requires a string argument of length 16
2015-12-07 13:30:32,069 - boiler_monitor - INFO - found_boiler: 2924 found_net_conf: 0
2015-12-07 13:31:09,685 - boiler_monitor - CRITICAL - Starting
2015-12-07 13:31:15,466 - boiler_monitor - INFO - found_boiler: 0 found_net_conf: 2784
2015-12-07 13:31:21,305 - boiler_monitor - INFO - found_boiler: 0 found_net_conf: 2784
2015-12-07 13:31:27,074 - boiler_monitor - INFO - found_boiler: 0 found_net_conf: 2784
2015-12-07 13:31:32,836 - boiler_monitor - INFO - found_boiler: 0 found_net_conf: 2784
2015-12-07 13:31:38,574 - boiler_monitor - INFO - found_boiler: 0 found_net_conf: 2784
2015-12-07 13:31:44,330 - boiler_monitor - INFO - found_boiler: 0 found_net_conf: 2784
2015-12-07 13:31:50,306 - boiler_monitor - INFO - found_boiler: 0 found_net_conf: 2784
2015-12-07 13:31:56,071 - boiler_monitor - INFO - found_boiler: 0 found_net_conf: 2784
2015-12-07 13:32:01,819 - boiler_monitor - INFO - found_boiler: 0 found_net_conf: 2784
2015-12-07 13:32:07,571 - boiler_monitor - INFO - found_boiler: 0 found_net_conf: 2784
2015-12-07 13:32:13,348 - boiler_monitor - INFO - found_boiler: 0 found_net_conf: 2784
2015-12-07 13:32:20,817 - boiler_monitor - INFO - found_boiler: 0 found_net_conf: 2784
2015-12-07 13:32:26,680 - boiler_monitor - INFO - found_boiler: 0 found_net_conf: 2784
2015-12-07 13:32:32,639 - boiler_monitor - INFO - found_boiler: 0 found_net_conf: 2784
2015-12-07 13:32:38,404 - boiler_monitor - INFO - found_boiler: 0 found_net_conf: 2784
2015-12-07 13:32:44,165 - boiler_monitor - INFO - found_boiler: 0 found_net_conf: 2784
2015-12-07 13:32:49,924 - boiler_monitor - INFO - found_boiler: 0 found_net_conf: 2784
2015-12-07 13:32:57,097 - boiler_monitor - INFO - found_boiler: 0 found_net_conf: 2784
2015-12-07 13:33:03,158 - boiler_monitor - INFO - found_boiler: 0 found_net_conf: 2784
2015-12-07 13:33:12,929 - boiler_monitor - INFO - restarted openntpd
2015-12-07 13:33:13,883 - boiler_monitor - INFO - found_boiler: 0 found_net_conf: 0
2015-12-07 13:33:18,889 - boiler_monitor - WARNING - button read failure: unpack requires a string argument of length 16
2015-12-07 13:33:19,415 - boiler_monitor - INFO - found_boiler: 0 found_net_conf: 0
2015-12-07 13:33:19,417 - boiler_monitor - INFO - starting boiler_net_start
2015-12-07 13:33:36,333 - boiler_monitor - DEBUG - boiler_net_start rc: 0
2015-12-07 13:34:04,899 - boiler_monitor - CRITICAL - Starting
2015-12-07 13:34:10,094 - boiler_monitor - INFO - found_boiler: 0 found_net_conf: 2793
2015-12-07 13:34:15,979 - boiler_monitor - INFO - found_boiler: 0 found_net_conf: 2793
2015-12-07 13:34:21,762 - boiler_monitor - INFO - found_boiler: 0 found_net_conf: 2793
2015-12-07 13:34:27,524 - boiler_monitor - INFO - found_boiler: 0 found_net_conf: 2793
